\BOOKMARK [1][-]{section.1}{\376\377\000A\000n\000a\000l\000y\000s\000e\000\040\000t\000e\000c\000h\000n\000i\000q\000u\000e\000\040\000e\000t\000\040\000m\000a\000c\000r\000o\000\351\000c\000o\000n\000o\000m\000i\000q\000u\000e\000\040\000d\000u\000\040\000b\000l\000\351\000\040\000e\000t\000\040\000d\000u\000\040\000n\000i\000c\000k\000e\000l}{}% 1
\BOOKMARK [2][-]{subsection.1.1}{\376\377\000P\000r\000\351\000s\000e\000n\000t\000a\000t\000i\000o\000n\000\040\000d\000e\000s\000\040\000d\000e\000u\000x\000\040\000m\000a\000t\000i\000\350\000r\000e\000s\000\040\000p\000r\000e\000m\000i\000\350\000r\000e\000s}{section.1}% 2
\BOOKMARK [2][-]{subsection.1.2}{\376\377\000A\000n\000a\000l\000y\000s\000e\000\040\000m\000a\000c\000r\000o\000\351\000c\000o\000n\000o\000m\000i\000q\000u\000e}{section.1}% 3
\BOOKMARK [2][-]{subsection.1.3}{\376\377\000A\000n\000a\000l\000y\000s\000e\000\040\000t\000e\000c\000h\000n\000i\000q\000u\000e}{section.1}% 4
\BOOKMARK [1][-]{section.2}{\376\377\000A\000n\000a\000l\000y\000s\000e\000\040\000d\000e\000\040\000l\000a\000\040\000s\000a\000i\000s\000o\000n\000n\000a\000l\000i\000t\000\351\000\040\000e\000t\000\040\000d\000e\000\040\000l\000a\000\040\000t\000e\000n\000d\000a\000n\000c\000e}{}% 5
\BOOKMARK [2][-]{subsection.2.1}{\376\377\000D\000\351\000t\000e\000c\000t\000i\000o\000n\000\040\000d\000e\000\040\000s\000a\000i\000s\000o\000n\000n\000a\000l\000i\000t\000\351\000\040\000e\000t\000\040\000d\000e\000\040\000t\000e\000n\000d\000a\000n\000c\000e}{section.2}% 6
\BOOKMARK [3][-]{subsubsection.2.1.1}{\376\377\000A\000n\000a\000l\000y\000s\000e\000\040\000g\000r\000a\000p\000h\000i\000q\000u\000e}{subsection.2.1}% 7
\BOOKMARK [3][-]{subsubsection.2.1.2}{\376\377\000A\000n\000a\000l\000y\000s\000e\000\040\000d\000e\000\040\000l\000a\000\040\000v\000a\000r\000i\000a\000n\000c\000e\000\040\000e\000t\000\040\000t\000e\000s\000t\000\040\000d\000e\000\040\000F\000i\000s\000h\000e\000r}{subsection.2.1}% 8
\BOOKMARK [2][-]{subsection.2.2}{\376\377\000D\000\351\000s\000a\000i\000s\000o\000n\000n\000a\000l\000i\000s\000a\000t\000i\000o\000n\000\040\000d\000e\000\040\000l\000'\000\351\000c\000h\000a\000n\000t\000i\000l\000l\000o\000n\000\040\0002\0000\0001\0006\000-\0002\0000\0002\0001\000\040\000d\000u\000\040\000n\000i\000c\000k\000e\000l}{section.2}% 9
\BOOKMARK [3][-]{subsubsection.2.2.1}{\376\377\000T\000y\000p\000e\000\040\000d\000e\000\040\000s\000a\000i\000s\000o\000n\000n\000a\000l\000i\000t\000\351\000\040\000e\000t\000\040\000s\000\351\000l\000e\000c\000t\000i\000o\000n\000\040\000d\000u\000\040\000s\000c\000h\000\351\000m\000a\000\040\000d\000e\000\040\000d\000\351\000c\000o\000m\000p\000o\000s\000i\000t\000i\000o\000n}{subsection.2.2}% 10
\BOOKMARK [3][-]{subsubsection.2.2.2}{\376\377\000D\000\351\000s\000a\000i\000s\000o\000n\000n\000a\000l\000i\000s\000a\000t\000i\000o\000n\000\040\000d\000e\000\040\000l\000'\000\351\000c\000h\000a\000n\000t\000i\000l\000l\000o\000n\000\040\000p\000a\000r\000\040\000m\000\351\000t\000h\000o\000d\000e\000\040\000C\000e\000n\000s\000u\000s}{subsection.2.2}% 11
\BOOKMARK [1][-]{section.3}{\376\377\000P\000r\000\351\000v\000i\000s\000i\000o\000n\000\040\000p\000a\000r\000\040\000l\000e\000\040\000m\000\351\000t\000h\000o\000d\000e\000s\000\040\000t\000r\000a\000d\000i\000t\000i\000o\000n\000n\000e\000l\000l\000e\000s}{}% 12
\BOOKMARK [2][-]{subsection.3.1}{\376\377\000\311\000c\000h\000a\000n\000t\000i\000l\000l\000o\000n\000\040\0002\0000\0001\0006\000-\0002\0000\0001\0009}{section.3}% 13
\BOOKMARK [3][-]{subsubsection.3.1.1}{\376\377\000P\000r\000\351\000v\000i\000s\000i\000o\000n\000\040\000p\000o\000u\000r\000\040\0002\0000\0002\0000}{subsection.3.1}% 14
\BOOKMARK [3][-]{subsubsection.3.1.2}{\376\377\000C\000h\000o\000i\000x\000\040\000d\000e\000\040\000l\000a\000\040\000m\000e\000i\000l\000l\000e\000u\000r\000e\000\040\000m\000\351\000t\000h\000o\000d\000e}{subsection.3.1}% 15
\BOOKMARK [3][-]{subsubsection.3.1.3}{\376\377\000P\000r\000\351\000v\000i\000s\000i\000o\000n\000\040\000p\000o\000u\000r\000\040\0002\0000\0002\0002}{subsection.3.1}% 16
\BOOKMARK [2][-]{subsection.3.2}{\376\377\000\311\000c\000h\000a\000n\000t\000i\000l\000l\000o\000n\000\040\0002\0000\0001\0006\000-\0002\0000\0002\0001}{section.3}% 17
\BOOKMARK [3][-]{subsubsection.3.2.1}{\376\377\000P\000r\000\351\000v\000i\000s\000i\000o\000n\000\040\000p\000o\000u\000r\000\040\0002\0000\0002\0002}{subsection.3.2}% 18
\BOOKMARK [3][-]{subsubsection.3.2.2}{\376\377\000C\000h\000o\000i\000x\000\040\000d\000e\000\040\000l\000a\000\040\000m\000e\000i\000l\000l\000e\000u\000r\000e\000\040\000m\000\351\000t\000h\000o\000d\000e}{subsection.3.2}% 19
\BOOKMARK [1][-]{section.4}{\376\377\000P\000r\000\351\000v\000i\000s\000i\000o\000n\000\040\000s\000e\000l\000o\000n\000\040\000l\000a\000\040\000m\000\351\000t\000h\000o\000d\000o\000l\000o\000g\000i\000e\000\040\000d\000e\000\040\000B\000o\000x\000\040\000\046\000\040\000J\000e\000n\000k\000i\000n\000s}{}% 20
\BOOKMARK [2][-]{subsection.4.1}{\376\377\000P\000r\000\351\000s\000e\000n\000t\000a\000t\000i\000o\000n\000\040\000d\000e\000\040\000l\000a\000\040\000m\000\351\000t\000h\000o\000d\000e}{section.4}% 21
\BOOKMARK [2][-]{subsection.4.2}{\376\377\000T\000e\000s\000t\000\040\000d\000e\000\040\000r\000a\000c\000i\000n\000e\000\040\000u\000n\000i\000t\000a\000i\000r\000e}{section.4}% 22
\BOOKMARK [2][-]{subsection.4.3}{\376\377\000I\000d\000e\000n\000t\000i\000f\000i\000c\000a\000t\000i\000o\000n\000\040\000d\000e\000s\000\040\000p\000r\000o\000c\000e\000s\000s\000u\000s}{section.4}% 23
\BOOKMARK [2][-]{subsection.4.4}{\376\377\000P\000r\000\351\000v\000i\000s\000i\000o\000n\000\040\000p\000o\000u\000r\000\040\0002\0000\0002\0003}{section.4}% 24
\BOOKMARK [1][-]{appendix.A}{\376\377\000A\000n\000a\000l\000y\000s\000e\000\040\000d\000e\000s\000\040\000s\000\351\000r\000i\000e\000s\000\040\000c\000h\000r\000o\000n\000o\000l\000o\000g\000i\000q\000u\000e\000s}{}% 25
\BOOKMARK [2][-]{subsection.A.1}{\376\377\000S\000t\000a\000b\000i\000l\000i\000t\000\351\000\040\000d\000e\000\040\000l\000a\000\040\000v\000a\000r\000i\000a\000n\000c\000e}{appendix.A}% 26
\BOOKMARK [2][-]{subsection.A.2}{\376\377\000A\000n\000a\000l\000y\000s\000e\000\040\000g\000r\000a\000p\000h\000i\000q\000u\000e}{appendix.A}% 27
\BOOKMARK [2][-]{subsection.A.3}{\376\377\000A\000n\000a\000l\000y\000s\000e\000\040\000d\000e\000\040\000l\000a\000\040\000v\000a\000r\000i\000a\000n\000c\000e}{appendix.A}% 28
\BOOKMARK [3][-]{subsubsection.A.3.1}{\376\377\000T\000a\000b\000l\000e\000a\000u\000\040\000d\000e\000\040\000B\000u\000y\000s\000-\000B\000a\000l\000l\000o\000t}{subsection.A.3}% 29
\BOOKMARK [3][-]{subsubsection.A.3.2}{\376\377\000A\000N\000O\000V\000A}{subsection.A.3}% 30
\BOOKMARK [2][-]{subsection.A.4}{\376\377\000D\000\351\000s\000a\000i\000s\000o\000n\000n\000a\000l\000i\000s\000a\000t\000i\000o\000n\000\040\000d\000e\000\040\000l\000'\000\351\000c\000h\000a\000n\000t\000i\000l\000l\000o\000n\000\040\000\050\0002\0000\0001\0006\000-\0002\0000\0002\0001\000\051\000\040\000d\000u\000\040\000N\000i\000c\000k\000e\000l}{appendix.A}% 31
\BOOKMARK [1][-]{appendix.B}{\376\377\000P\000r\000\351\000v\000i\000s\000i\000o\000n\000\040\000t\000r\000a\000d\000i\000t\000i\000o\000n\000n\000e\000l\000l\000e}{}% 32
\BOOKMARK [2][-]{subsection.B.1}{\376\377\000\311\000c\000h\000a\000n\000t\000i\000l\000l\000o\000n\000\040\0002\0000\0001\0006\000-\0002\0000\0001\0009}{appendix.B}% 33
\BOOKMARK [3][-]{subsubsection.B.1.1}{\376\377\000E\000x\000t\000r\000a\000p\000o\000l\000a\000t\000i\000o\000n\000\040\000d\000'\000u\000n\000e\000\040\000d\000r\000o\000i\000t\000e\000\040\000d\000e\000\040\000t\000e\000n\000d\000a\000n\000c\000e}{subsection.B.1}% 34
\BOOKMARK [3][-]{subsubsection.B.1.2}{\376\377\000L\000i\000s\000s\000a\000g\000e\000\040\000e\000x\000p\000o\000n\000e\000n\000t\000i\000e\000l\000\040\000d\000o\000u\000b\000l\000e}{subsection.B.1}% 35
\BOOKMARK [3][-]{subsubsection.B.1.3}{\376\377\000L\000i\000s\000s\000a\000g\000e\000\040\000e\000x\000p\000o\000n\000e\000n\000t\000i\000e\000l\000\040\000d\000e\000\040\000H\000o\000l\000t\000-\000W\000i\000n\000t\000e\000r}{subsection.B.1}% 36
\BOOKMARK [2][-]{subsection.B.2}{\376\377\000\311\000c\000h\000a\000n\000t\000i\000l\000l\000o\000n\000\040\0002\0000\0001\0006\000-\0002\0000\0002\0001}{appendix.B}% 37
\BOOKMARK [3][-]{subsubsection.B.2.1}{\376\377\000E\000x\000t\000r\000a\000p\000o\000l\000a\000t\000i\000o\000n\000\040\000d\000'\000u\000n\000e\000\040\000d\000r\000o\000i\000t\000e\000\040\000d\000e\000\040\000t\000e\000n\000d\000a\000n\000c\000e}{subsection.B.2}% 38
\BOOKMARK [3][-]{subsubsection.B.2.2}{\376\377\000L\000i\000s\000s\000a\000g\000e\000\040\000e\000x\000p\000o\000n\000e\000n\000t\000i\000e\000l\000\040\000d\000o\000u\000b\000l\000e}{subsection.B.2}% 39
\BOOKMARK [3][-]{subsubsection.B.2.3}{\376\377\000L\000i\000s\000s\000a\000g\000e\000\040\000e\000x\000p\000o\000n\000e\000n\000t\000i\000e\000l\000\040\000d\000e\000\040\000H\000o\000l\000t\000-\000W\000i\000n\000t\000e\000r}{subsection.B.2}% 40
